# JRE version: OpenJDK Runtime Environment (8.0_242-b01) (build 1.8.0_242-release-1644-b01)
# Java VM: OpenJDK 64-Bit Server VM (25.242-b01 mixed mode windows-amd64 compressed oops)
Heap:
 PSYoungGen      total 292864K, used 231848K [0x00000000d5580000, 0x00000000e9c00000, 0x0000000100000000)
  eden space 254464K, 81% used [0x00000000d5580000,0x00000000e20b4140,0x00000000e4e00000)
  from space 38400K, 61% used [0x00000000e7680000,0x00000000e8db6090,0x00000000e9c00000)
  to   space 39936K, 0% used [0x00000000e4e00000,0x00000000e4e00000,0x00000000e7500000)
 ParOldGen       total 122368K, used 69050K [0x0000000080000000, 0x0000000087780000, 0x00000000d5580000)
  object space 122368K, 56% used [0x0000000080000000,0x000000008436ea40,0x0000000087780000)
 Metaspace       used 96981K, capacity 104136K, committed 104360K, reserved 1140736K
  class space    used 12481K, capacity 13665K, committed 13744K, reserved 1048576K
GC Heap History (10 events):
Event: 7908.254 GC heap before
{Heap before GC invocations=32 (full 4):
 PSYoungGen      total 277504K, used 264705K [0x00000000d5580000, 0x00000000e7c00000, 0x0000000100000000)
  eden space 254976K, 100% used [0x00000000d5580000,0x00000000e4e80000,0x00000000e4e80000)
  from space 22528K, 43% used [0x00000000e4e80000,0x00000000e58007e0,0x00000000e6480000)
  to   space 22016K, 0% used [0x00000000e6680000,0x00000000e6680000,0x00000000e7c00000)
 ParOldGen       total 122368K, used 42111K [0x0000000080000000, 0x0000000087780000, 0x00000000d5580000)
  object space 122368K, 34% used [0x0000000080000000,0x000000008291fce0,0x0000000087780000)
 Metaspace       used 96190K, capacity 103128K, committed 103208K, reserved 1138688K
  class space    used 12433K, capacity 13593K, committed 13616K, reserved 1048576K
Event: 7908.310 GC heap after
Heap after GC invocations=32 (full 4):
 PSYoungGen      total 267776K, used 22003K [0x00000000d5580000, 0x00000000e9c80000, 0x0000000100000000)
  eden space 245760K, 0% used [0x00000000d5580000,0x00000000d5580000,0x00000000e4580000)
  from space 22016K, 99% used [0x00000000e6680000,0x00000000e7bfcc40,0x00000000e7c00000)
  to   space 33792K, 0% used [0x00000000e4580000,0x00000000e4580000,0x00000000e6680000)
 ParOldGen       total 122368K, used 66328K [0x0000000080000000, 0x0000000087780000, 0x00000000d5580000)
  object space 122368K, 54% used [0x0000000080000000,0x00000000840c6210,0x0000000087780000)
 Metaspace       used 96190K, capacity 103128K, committed 103208K, reserved 1138688K
  class space    used 12433K, capacity 13593K, committed 13616K, reserved 1048576K
}
Event: 8359.922 GC heap before
{Heap before GC invocations=33 (full 4):
 PSYoungGen      total 267776K, used 265834K [0x00000000d5580000, 0x00000000e9c80000, 0x0000000100000000)
  eden space 245760K, 99% used [0x00000000d5580000,0x00000000e439de68,0x00000000e4580000)
  from space 22016K, 99% used [0x00000000e6680000,0x00000000e7bfcc40,0x00000000e7c00000)
  to   space 33792K, 0% used [0x00000000e4580000,0x00000000e4580000,0x00000000e6680000)
 ParOldGen       total 122368K, used 66328K [0x0000000080000000, 0x0000000087780000, 0x00000000d5580000)
  object space 122368K, 54% used [0x0000000080000000,0x00000000840c6210,0x0000000087780000)
 Metaspace       used 96275K, capacity 103200K, committed 103464K, reserved 1138688K
  class space    used 12433K, capacity 13593K, committed 13616K, reserved 1048576K
Event: 8359.978 GC heap after
Heap after GC invocations=33 (full 4):
 PSYoungGen      total 279552K, used 28487K [0x00000000d5580000, 0x00000000e9580000, 0x0000000100000000)
  eden space 245760K, 0% used [0x00000000d5580000,0x00000000d5580000,0x00000000e4580000)
  from space 33792K, 84% used [0x00000000e4580000,0x00000000e6151ee0,0x00000000e6680000)
  to   space 36352K, 0% used [0x00000000e7200000,0x00000000e7200000,0x00000000e9580000)
 ParOldGen       total 122368K, used 66328K [0x0000000080000000, 0x0000000087780000, 0x00000000d5580000)
  object space 122368K, 54% used [0x0000000080000000,0x00000000840c6210,0x0000000087780000)
 Metaspace       used 96275K, capacity 103200K, committed 103464K, reserved 1138688K
  class space    used 12433K, capacity 13593K, committed 13616K, reserved 1048576K
}
Event: 8750.665 GC heap before
{Heap before GC invocations=34 (full 4):
 PSYoungGen      total 279552K, used 274247K [0x00000000d5580000, 0x00000000e9580000, 0x0000000100000000)
  eden space 245760K, 100% used [0x00000000d5580000,0x00000000e4580000,0x00000000e4580000)
  from space 33792K, 84% used [0x00000000e4580000,0x00000000e6151ee0,0x00000000e6680000)
  to   space 36352K, 0% used [0x00000000e7200000,0x00000000e7200000,0x00000000e9580000)
 ParOldGen       total 122368K, used 66328K [0x0000000080000000, 0x0000000087780000, 0x00000000d5580000)
  object space 122368K, 54% used [0x0000000080000000,0x00000000840c6210,0x0000000087780000)
 Metaspace       used 96476K, capacity 103418K, committed 103464K, reserved 1138688K
  class space    used 12436K, capacity 13596K, committed 13616K, reserved 1048576K
Event: 8750.720 GC heap after
Heap after GC invocations=34 (full 4):
 PSYoungGen      total 286208K, used 36341K [0x00000000d5580000, 0x00000000e9d80000, 0x0000000100000000)
  eden space 249856K, 0% used [0x00000000d5580000,0x00000000d5580000,0x00000000e4980000)
  from space 36352K, 99% used [0x00000000e7200000,0x00000000e957d7a8,0x00000000e9580000)
  to   space 41472K, 0% used [0x00000000e4980000,0x00000000e4980000,0x00000000e7200000)
 ParOldGen       total 122368K, used 69050K [0x0000000080000000, 0x0000000087780000, 0x00000000d5580000)
  object space 122368K, 56% used [0x0000000080000000,0x000000008436ea40,0x0000000087780000)
 Metaspace       used 96476K, capacity 103418K, committed 103464K, reserved 1138688K
  class space    used 12436K, capacity 13596K, committed 13616K, reserved 1048576K
}
Event: 9879.514 GC heap before
{Heap before GC invocations=35 (full 4):
 PSYoungGen      total 286208K, used 286197K [0x00000000d5580000, 0x00000000e9d80000, 0x0000000100000000)
  eden space 249856K, 100% used [0x00000000d5580000,0x00000000e4980000,0x00000000e4980000)
  from space 36352K, 99% used [0x00000000e7200000,0x00000000e957d7a8,0x00000000e9580000)
  to   space 41472K, 0% used [0x00000000e4980000,0x00000000e4980000,0x00000000e7200000)
 ParOldGen       total 122368K, used 69050K [0x0000000080000000, 0x0000000087780000, 0x00000000d5580000)
  object space 122368K, 56% used [0x0000000080000000,0x000000008436ea40,0x0000000087780000)
 Metaspace       used 96751K, capacity 103966K, committed 104104K, reserved 1140736K
  class space    used 12468K, capacity 13654K, committed 13744K, reserved 1048576K
Event: 9879.541 GC heap after
Heap after GC invocations=35 (full 4):
 PSYoungGen      total 291328K, used 21386K [0x00000000d5580000, 0x00000000e9e00000, 0x0000000100000000)
  eden space 249856K, 0% used [0x00000000d5580000,0x00000000d5580000,0x00000000e4980000)
  from space 41472K, 51% used [0x00000000e4980000,0x00000000e5e628b0,0x00000000e7200000)
  to   space 40448K, 0% used [0x00000000e7680000,0x00000000e7680000,0x00000000e9e00000)
 ParOldGen       total 122368K, used 69050K [0x0000000080000000, 0x0000000087780000, 0x00000000d5580000)
  object space 122368K, 56% used [0x0000000080000000,0x000000008436ea40,0x0000000087780000)
 Metaspace       used 96751K, capacity 103966K, committed 104104K, reserved 1140736K
  class space    used 12468K, capacity 13654K, committed 13744K, reserved 1048576K
}
Event: 15237.756 GC heap before
{Heap before GC invocations=36 (full 4):
 PSYoungGen      total 291328K, used 271242K [0x00000000d5580000, 0x00000000e9e00000, 0x0000000100000000)
  eden space 249856K, 100% used [0x00000000d5580000,0x00000000e4980000,0x00000000e4980000)
  from space 41472K, 51% used [0x00000000e4980000,0x00000000e5e628b0,0x00000000e7200000)
  to   space 40448K, 0% used [0x00000000e7680000,0x00000000e7680000,0x00000000e9e00000)
 ParOldGen       total 122368K, used 69050K [0x0000000080000000, 0x0000000087780000, 0x00000000d5580000)
  object space 122368K, 56% used [0x0000000080000000,0x000000008436ea40,0x0000000087780000)
 Metaspace       used 96901K, capacity 104068K, committed 104360K, reserved 1140736K
  class space    used 12481K, capacity 13665K, committed 13744K, reserved 1048576K
Event: 15237.836 GC heap after
Heap after GC invocations=36 (full 4):
 PSYoungGen      total 292864K, used 23768K [0x00000000d5580000, 0x00000000e9c00000, 0x0000000100000000)
  eden space 254464K, 0% used [0x00000000d5580000,0x00000000d5580000,0x00000000e4e00000)
  from space 38400K, 61% used [0x00000000e7680000,0x00000000e8db6090,0x00000000e9c00000)
  to   space 39936K, 0% used [0x00000000e4e00000,0x00000000e4e00000,0x00000000e7500000)
 ParOldGen       total 122368K, used 69050K [0x0000000080000000, 0x0000000087780000, 0x00000000d5580000)
  object space 122368K, 56% used [0x0000000080000000,0x000000008436ea40,0x0000000087780000)
 Metaspace       used 96901K, capacity 104068K, committed 104360K, reserved 1140736K
  class space    used 12481K, capacity 13665K, committed 13744K, reserved 1048576K
}

